# JRE version: Java(TM) SE Runtime Environment (8.0_131-b11) (build 1.8.0_131-b11)
# Java VM: Java HotSpot(TM) 64-Bit Server VM (25.131-b11 mixed mode windows-amd64 compressed oops)
Heap:
 PSYoungGen      total 37888K, used 10998K [0x00000000d6300000, 0x00000000d8d00000, 0x0000000100000000)
  eden space 32768K, 17% used [0x00000000d6300000,0x00000000d68c06a0,0x00000000d8300000)
  from space 5120K, 99% used [0x00000000d8800000,0x00000000d8cfd1b0,0x00000000d8d00000)
  to   space 5120K, 0% used [0x00000000d8300000,0x00000000d8300000,0x00000000d8800000)
 ParOldGen       total 86016K, used 28577K [0x0000000082800000, 0x0000000087c00000, 0x00000000d6300000)
  object space 86016K, 33% used [0x0000000082800000,0x00000000843e87f8,0x0000000087c00000)
 Metaspace       used 12505K, capacity 12718K, committed 12800K, reserved 1060864K
  class space    used 1423K, capacity 1506K, committed 1536K, reserved 1048576K
GC Heap History (4 events):
Event: 1.061 GC heap before
{Heap before GC invocations=1 (full 0):
 PSYoungGen      total 37888K, used 26761K [0x00000000d6300000, 0x00000000d8d00000, 0x0000000100000000)
  eden space 32768K, 81% used [0x00000000d6300000,0x00000000d7d22438,0x00000000d8300000)
  from space 5120K, 0% used [0x00000000d8800000,0x00000000d8800000,0x00000000d8d00000)
  to   space 5120K, 0% used [0x00000000d8300000,0x00000000d8300000,0x00000000d8800000)
 ParOldGen       total 86016K, used 0K [0x0000000082800000, 0x0000000087c00000, 0x00000000d6300000)
  object space 86016K, 0% used [0x0000000082800000,0x0000000082800000,0x0000000087c00000)
 Metaspace       used 8341K, capacity 8506K, committed 8704K, reserved 1056768K
  class space    used 917K, capacity 977K, committed 1024K, reserved 1048576K
Event: 1.066 GC heap after
Heap after GC invocations=1 (full 0):
 PSYoungGen      total 37888K, used 5111K [0x00000000d6300000, 0x00000000d8d00000, 0x0000000100000000)
  eden space 32768K, 0% used [0x00000000d6300000,0x00000000d6300000,0x00000000d8300000)
  from space 5120K, 99% used [0x00000000d8300000,0x00000000d87fdf60,0x00000000d8800000)
  to   space 5120K, 0% used [0x00000000d8800000,0x00000000d8800000,0x00000000d8d00000)
 ParOldGen       total 86016K, used 212K [0x0000000082800000, 0x0000000087c00000, 0x00000000d6300000)
  object space 86016K, 0% used [0x0000000082800000,0x0000000082835168,0x0000000087c00000)
 Metaspace       used 8341K, capacity 8506K, committed 8704K, reserved 1056768K
  class space    used 917K, capacity 977K, committed 1024K, reserved 1048576K
}
Event: 1.727 GC heap before
{Heap before GC invocations=2 (full 0):
 PSYoungGen      total 37888K, used 37095K [0x00000000d6300000, 0x00000000d8d00000, 0x0000000100000000)
  eden space 32768K, 97% used [0x00000000d6300000,0x00000000d823c070,0x00000000d8300000)
  from space 5120K, 99% used [0x00000000d8300000,0x00000000d87fdf60,0x00000000d8800000)
  to   space 5120K, 0% used [0x00000000d8800000,0x00000000d8800000,0x00000000d8d00000)
 ParOldGen       total 86016K, used 212K [0x0000000082800000, 0x0000000087c00000, 0x00000000d6300000)
  object space 86016K, 0% used [0x0000000082800000,0x0000000082835168,0x0000000087c00000)
 Metaspace       used 12390K, capacity 12558K, committed 12800K, reserved 1060864K
  class space    used 1408K, capacity 1474K, committed 1536K, reserved 1048576K
Event: 1.738 GC heap after
Heap after GC invocations=2 (full 0):
 PSYoungGen      total 37888K, used 5108K [0x00000000d6300000, 0x00000000d8d00000, 0x0000000100000000)
  eden space 32768K, 0% used [0x00000000d6300000,0x00000000d6300000,0x00000000d8300000)
  from space 5120K, 99% used [0x00000000d8800000,0x00000000d8cfd1b0,0x00000000d8d00000)
  to   space 5120K, 0% used [0x00000000d8300000,0x00000000d8300000,0x00000000d8800000)
 ParOldGen       total 86016K, used 28577K [0x0000000082800000, 0x0000000087c00000, 0x00000000d6300000)
  object space 86016K, 33% used [0x0000000082800000,0x00000000843e87f8,0x0000000087c00000)
 Metaspace       used 12390K, capacity 12558K, committed 12800K, reserved 1060864K
  class space    used 1408K, capacity 1474K, committed 1536K, reserved 1048576K
}

