# JRE version: Java(TM) SE Runtime Environment (8.0_131-b11) (build 1.8.0_131-b11)
# Java VM: Java HotSpot(TM) 64-Bit Server VM (25.131-b11 mixed mode windows-amd64 compressed oops)
Heap:
 PSYoungGen      total 37888K, used 25254K [0x00000000d6300000, 0x00000000dad00000, 0x0000000100000000)
  eden space 32768K, 72% used [0x00000000d6300000,0x00000000d7a183f8,0x00000000d8300000)
  from space 5120K, 31% used [0x00000000d8800000,0x00000000d8991788,0x00000000d8d00000)
  to   space 5120K, 0% used [0x00000000d8300000,0x00000000d8300000,0x00000000d8800000)
 ParOldGen       total 86016K, used 48632K [0x0000000082800000, 0x0000000087c00000, 0x00000000d6300000)
  object space 86016K, 56% used [0x0000000082800000,0x000000008577e060,0x0000000087c00000)
 Metaspace       used 12566K, capacity 12770K, committed 13056K, reserved 1060864K
  class space    used 1416K, capacity 1514K, committed 1536K, reserved 1048576K
GC Heap History (8 events):
Event: 1.417 GC heap before
{Heap before GC invocations=1 (full 0):
 PSYoungGen      total 37888K, used 32768K [0x00000000d6300000, 0x00000000d8d00000, 0x0000000100000000)
  eden space 32768K, 100% used [0x00000000d6300000,0x00000000d8300000,0x00000000d8300000)
  from space 5120K, 0% used [0x00000000d8800000,0x00000000d8800000,0x00000000d8d00000)
  to   space 5120K, 0% used [0x00000000d8300000,0x00000000d8300000,0x00000000d8800000)
 ParOldGen       total 86016K, used 0K [0x0000000082800000, 0x0000000087c00000, 0x00000000d6300000)
  object space 86016K, 0% used [0x0000000082800000,0x0000000082800000,0x0000000087c00000)
 Metaspace       used 8205K, capacity 8398K, committed 8704K, reserved 1056768K
  class space    used 893K, capacity 953K, committed 1024K, reserved 1048576K
Event: 1.427 GC heap after
Heap after GC invocations=1 (full 0):
 PSYoungGen      total 37888K, used 2586K [0x00000000d6300000, 0x00000000d8d00000, 0x0000000100000000)
  eden space 32768K, 0% used [0x00000000d6300000,0x00000000d6300000,0x00000000d8300000)
  from space 5120K, 50% used [0x00000000d8300000,0x00000000d8586bd8,0x00000000d8800000)
  to   space 5120K, 0% used [0x00000000d8800000,0x00000000d8800000,0x00000000d8d00000)
 ParOldGen       total 86016K, used 24308K [0x0000000082800000, 0x0000000087c00000, 0x00000000d6300000)
  object space 86016K, 28% used [0x0000000082800000,0x0000000083fbd030,0x0000000087c00000)
 Metaspace       used 8205K, capacity 8398K, committed 8704K, reserved 1056768K
  class space    used 893K, capacity 953K, committed 1024K, reserved 1048576K
}
Event: 1.919 GC heap before
{Heap before GC invocations=2 (full 0):
 PSYoungGen      total 37888K, used 35354K [0x00000000d6300000, 0x00000000d8d00000, 0x0000000100000000)
  eden space 32768K, 100% used [0x00000000d6300000,0x00000000d8300000,0x00000000d8300000)
  from space 5120K, 50% used [0x00000000d8300000,0x00000000d8586bd8,0x00000000d8800000)
  to   space 5120K, 0% used [0x00000000d8800000,0x00000000d8800000,0x00000000d8d00000)
 ParOldGen       total 86016K, used 24308K [0x0000000082800000, 0x0000000087c00000, 0x00000000d6300000)
  object space 86016K, 28% used [0x0000000082800000,0x0000000083fbd030,0x0000000087c00000)
 Metaspace       used 8212K, capacity 8398K, committed 8704K, reserved 1056768K
  class space    used 893K, capacity 953K, committed 1024K, reserved 1048576K
Event: 1.922 GC heap after
Heap after GC invocations=2 (full 0):
 PSYoungGen      total 37888K, used 1573K [0x00000000d6300000, 0x00000000d8d00000, 0x0000000100000000)
  eden space 32768K, 0% used [0x00000000d6300000,0x00000000d6300000,0x00000000d8300000)
  from space 5120K, 30% used [0x00000000d8800000,0x00000000d8989788,0x00000000d8d00000)
  to   space 5120K, 0% used [0x00000000d8300000,0x00000000d8300000,0x00000000d8800000)
 ParOldGen       total 86016K, used 24316K [0x0000000082800000, 0x0000000087c00000, 0x00000000d6300000)
  object space 86016K, 28% used [0x0000000082800000,0x0000000083fbf030,0x0000000087c00000)
 Metaspace       used 8212K, capacity 8398K, committed 8704K, reserved 1056768K
  class space    used 893K, capacity 953K, committed 1024K, reserved 1048576K
}
Event: 2.242 GC heap before
{Heap before GC invocations=3 (full 0):
 PSYoungGen      total 37888K, used 34341K [0x00000000d6300000, 0x00000000d8d00000, 0x0000000100000000)
  eden space 32768K, 100% used [0x00000000d6300000,0x00000000d8300000,0x00000000d8300000)
  from space 5120K, 30% used [0x00000000d8800000,0x00000000d8989788,0x00000000d8d00000)
  to   space 5120K, 0% used [0x00000000d8300000,0x00000000d8300000,0x00000000d8800000)
 ParOldGen       total 86016K, used 24316K [0x0000000082800000, 0x0000000087c00000, 0x00000000d6300000)
  object space 86016K, 28% used [0x0000000082800000,0x0000000083fbf030,0x0000000087c00000)
 Metaspace       used 8212K, capacity 8398K, committed 8704K, reserved 1056768K
  class space    used 893K, capacity 953K, committed 1024K, reserved 1048576K
Event: 2.245 GC heap after
Heap after GC invocations=3 (full 0):
 PSYoungGen      total 37888K, used 1541K [0x00000000d6300000, 0x00000000d8d00000, 0x0000000100000000)
  eden space 32768K, 0% used [0x00000000d6300000,0x00000000d6300000,0x00000000d8300000)
  from space 5120K, 30% used [0x00000000d8300000,0x00000000d8481788,0x00000000d8800000)
  to   space 5120K, 0% used [0x00000000d8800000,0x00000000d8800000,0x00000000d8d00000)
 ParOldGen       total 86016K, used 24324K [0x0000000082800000, 0x0000000087c00000, 0x00000000d6300000)
  object space 86016K, 28% used [0x0000000082800000,0x0000000083fc1030,0x0000000087c00000)
 Metaspace       used 8212K, capacity 8398K, committed 8704K, reserved 1056768K
  class space    used 893K, capacity 953K, committed 1024K, reserved 1048576K
}
Event: 2.420 GC heap before
{Heap before GC invocations=4 (full 0):
 PSYoungGen      total 37888K, used 34309K [0x00000000d6300000, 0x00000000d8d00000, 0x0000000100000000)
  eden space 32768K, 100% used [0x00000000d6300000,0x00000000d8300000,0x00000000d8300000)
  from space 5120K, 30% used [0x00000000d8300000,0x00000000d8481788,0x00000000d8800000)
  to   space 5120K, 0% used [0x00000000d8800000,0x00000000d8800000,0x00000000d8d00000)
 ParOldGen       total 86016K, used 24324K [0x0000000082800000, 0x0000000087c00000, 0x00000000d6300000)
  object space 86016K, 28% used [0x0000000082800000,0x0000000083fc1030,0x0000000087c00000)
 Metaspace       used 8353K, capacity 8526K, committed 8704K, reserved 1056768K
  class space    used 903K, capacity 953K, committed 1024K, reserved 1048576K
Event: 2.426 GC heap after
Heap after GC invocations=4 (full 0):
 PSYoungGen      total 37888K, used 1605K [0x00000000d6300000, 0x00000000dad00000, 0x0000000100000000)
  eden space 32768K, 0% used [0x00000000d6300000,0x00000000d6300000,0x00000000d8300000)
  from space 5120K, 31% used [0x00000000d8800000,0x00000000d8991788,0x00000000d8d00000)
  to   space 5120K, 0% used [0x00000000d8300000,0x00000000d8300000,0x00000000d8800000)
 ParOldGen       total 86016K, used 48632K [0x0000000082800000, 0x0000000087c00000, 0x00000000d6300000)
  object space 86016K, 56% used [0x0000000082800000,0x000000008577e060,0x0000000087c00000)
 Metaspace       used 8353K, capacity 8526K, committed 8704K, reserved 1056768K
  class space    used 903K, capacity 953K, committed 1024K, reserved 1048576K
}

